<?xml version="1.0" encoding="UTF-8"?>
<!-- Generated by org.testng.reporters.JUnitXMLReporter -->
<testsuite hostname="IXED-LAP00316" ignored="0" name="Default test" tests="2" failures="0" timestamp="06 Sep 2019 10:21:16 GMT" time="13.369" errors="0">
  <testcase name="Testscripts_loginDetails" time="2.931" classname="com.orangeHRproject.testScripts.Testscripts_loginScreen"/>
  <testcase name="Testscripts_scroll" time="2.218" classname="com.orangeHRproject.testScripts.Testscripts_loginScreen"/>
</testsuite> <!-- Default test -->
