<?xml version="1.0" encoding="UTF-8"?>
<testng-results skipped="0" failed="1" ignored="0" total="3" passed="2">
  <reporter-output>
  </reporter-output>
  <suite name="Suite" duration-ms="23098" started-at="2019-09-13T10:03:26Z" finished-at="2019-09-13T10:03:49Z">
    <groups>
    </groups>
    <test name="Test" duration-ms="23098" started-at="2019-09-13T10:03:26Z" finished-at="2019-09-13T10:03:49Z">
      <class name="com.orangeHRproject.testScripts.Testscripts_assignLeave">
        <test-method status="FAIL" signature="Testscripts_employeeName()[pri:3, instance:com.orangeHRproject.testScripts.Testscripts_assignLeave@402a079c]" name="Testscripts_employeeName" duration-ms="1771" started-at="2019-09-13T10:03:46Z" finished-at="2019-09-13T10:03:47Z">
          <exception class="org.openqa.selenium.ElementNotInteractableException">
            <message>
              <![CDATA[Element <input id="confirmOkButton" class="btn" type="button"> could not be scrolled into view
Build info: version: '3.11.0', revision: 'e59cfb3', time: '2018-03-11T20:33:08.638Z'
System info: host: 'IXED-LAP00316', ip: '127.0.1.1', os.name: 'Linux', os.arch: 'amd64', os.version: '4.15.0-45-generic', java.version: '1.8.0_151'
Driver info: org.openqa.selenium.firefox.FirefoxDriver
Capabilities {acceptInsecureCerts: true, browserName: firefox, browserVersion: 65.0, javascriptEnabled: true, moz:accessibilityChecks: false, moz:geckodriverVersion: 0.24.0, moz:headless: false, moz:processID: 6158, moz:profile: /tmp/rust_mozprofile.VFKb4S..., moz:shutdownTimeout: 60000, moz:useNonSpecCompliantPointerOrigin: false, moz:webdriverClick: true, pageLoadStrategy: normal, platform: LINUX, platformName: LINUX, platformVersion: 4.15.0-45-generic, rotatable: false, setWindowRect: true, strictFileInteractability: false, timeouts: {implicit: 0, pageLoad: 300000, script: 30000}, unhandledPromptBehavior: dismiss and notify}
Session ID: 52744202-4459-4498-ad28-b2983e5347bc]]>
            </message>
            <full-stacktrace>
              <![CDATA[org.openqa.selenium.ElementNotInteractableException: Element <input id="confirmOkButton" class="btn" type="button"> could not be scrolled into view
Build info: version: '3.11.0', revision: 'e59cfb3', time: '2018-03-11T20:33:08.638Z'
System info: host: 'IXED-LAP00316', ip: '127.0.1.1', os.name: 'Linux', os.arch: 'amd64', os.version: '4.15.0-45-generic', java.version: '1.8.0_151'
Driver info: org.openqa.selenium.firefox.FirefoxDriver
Capabilities {acceptInsecureCerts: true, browserName: firefox, browserVersion: 65.0, javascriptEnabled: true, moz:accessibilityChecks: false, moz:geckodriverVersion: 0.24.0, moz:headless: false, moz:processID: 6158, moz:profile: /tmp/rust_mozprofile.VFKb4S..., moz:shutdownTimeout: 60000, moz:useNonSpecCompliantPointerOrigin: false, moz:webdriverClick: true, pageLoadStrategy: normal, platform: LINUX, platformName: LINUX, platformVersion: 4.15.0-45-generic, rotatable: false, setWindowRect: true, strictFileInteractability: false, timeouts: {implicit: 0, pageLoad: 300000, script: 30000}, unhandledPromptBehavior: dismiss and notify}
Session ID: 52744202-4459-4498-ad28-b2983e5347bc
at sun.reflect.NativeConstructorAccessorImpl.newInstance0(Native Method)
at sun.reflect.NativeConstructorAccessorImpl.newInstance(NativeConstructorAccessorImpl.java:62)
at sun.reflect.DelegatingConstructorAccessorImpl.newInstance(DelegatingConstructorAccessorImpl.java:45)
at java.lang.reflect.Constructor.newInstance(Constructor.java:423)
at org.openqa.selenium.remote.http.W3CHttpResponseCodec.createException(W3CHttpResponseCodec.java:187)
at org.openqa.selenium.remote.http.W3CHttpResponseCodec.decode(W3CHttpResponseCodec.java:122)
at org.openqa.selenium.remote.http.W3CHttpResponseCodec.decode(W3CHttpResponseCodec.java:49)
at org.openqa.selenium.remote.HttpCommandExecutor.execute(HttpCommandExecutor.java:158)
at org.openqa.selenium.remote.service.DriverCommandExecutor.execute(DriverCommandExecutor.java:83)
at org.openqa.selenium.remote.RemoteWebDriver.execute(RemoteWebDriver.java:545)
at org.openqa.selenium.remote.RemoteWebElement.execute(RemoteWebElement.java:279)
at org.openqa.selenium.remote.RemoteWebElement.click(RemoteWebElement.java:83)
at com.orangeHRproject.testScripts.Testscripts_assignLeave.Testscripts_employeeName(Testscripts_assignLeave.java:20)
at sun.reflect.NativeMethodAccessorImpl.invoke0(Native Method)
at sun.reflect.NativeMethodAccessorImpl.invoke(NativeMethodAccessorImpl.java:62)
at sun.reflect.DelegatingMethodAccessorImpl.invoke(DelegatingMethodAccessorImpl.java:43)
at java.lang.reflect.Method.invoke(Method.java:498)
at org.testng.internal.MethodInvocationHelper.invokeMethod(MethodInvocationHelper.java:124)
at org.testng.internal.Invoker.invokeMethod(Invoker.java:583)
at org.testng.internal.Invoker.invokeTestMethod(Invoker.java:719)
at org.testng.internal.Invoker.invokeTestMethods(Invoker.java:989)
at org.testng.internal.TestMethodWorker.invokeTestMethods(TestMethodWorker.java:125)
at org.testng.internal.TestMethodWorker.run(TestMethodWorker.java:109)
at org.testng.TestRunner.privateRun(TestRunner.java:648)
at org.testng.TestRunner.run(TestRunner.java:505)
at org.testng.SuiteRunner.runTest(SuiteRunner.java:455)
at org.testng.SuiteRunner.runSequentially(SuiteRunner.java:450)
at org.testng.SuiteRunner.privateRun(SuiteRunner.java:415)
at org.testng.SuiteRunner.run(SuiteRunner.java:364)
at org.testng.SuiteRunnerWorker.runSuite(SuiteRunnerWorker.java:52)
at org.testng.SuiteRunnerWorker.run(SuiteRunnerWorker.java:84)
at org.testng.TestNG.runSuitesSequentially(TestNG.java:1208)
at org.testng.TestNG.runSuitesLocally(TestNG.java:1137)
at org.testng.TestNG.runSuites(TestNG.java:1049)
at org.testng.TestNG.run(TestNG.java:1017)
at org.testng.remote.AbstractRemoteTestNG.run(AbstractRemoteTestNG.java:114)
at org.testng.remote.RemoteTestNG.initAndRun(RemoteTestNG.java:251)
at org.testng.remote.RemoteTestNG.main(RemoteTestNG.java:77)
]]>
            </full-stacktrace>
          </exception> <!-- org.openqa.selenium.ElementNotInteractableException -->
          <reporter-output>
          </reporter-output>
        </test-method> <!-- Testscripts_employeeName -->
      </class> <!-- com.orangeHRproject.testScripts.Testscripts_assignLeave -->
      <class name="com.orangeHRproject.testScripts.Testscripts_dashboard">
        <test-method status="PASS" signature="Testscripts_assignleave()[pri:2, instance:com.orangeHRproject.testScripts.Testscripts_dashboard@6500df86]" name="Testscripts_assignleave" duration-ms="2529" started-at="2019-09-13T10:03:43Z" finished-at="2019-09-13T10:03:46Z">
          <reporter-output>
          </reporter-output>
        </test-method> <!-- Testscripts_assignleave -->
      </class> <!-- com.orangeHRproject.testScripts.Testscripts_dashboard -->
      <class name="com.orangeHRproject.testScripts.Testscripts_loginScreen">
        <test-method status="PASS" signature="Testscripts_launchUrl()[pri:0, instance:com.orangeHRproject.testScripts.Testscripts_loginScreen@42dafa95]" name="Testscripts_launchUrl" is-config="true" duration-ms="8011" started-at="2019-09-13T10:03:26Z" finished-at="2019-09-13T10:03:34Z">
          <reporter-output>
          </reporter-output>
        </test-method> <!-- Testscripts_launchUrl -->
        <test-method status="PASS" signature="Testscripts_loginDetails()[pri:1, instance:com.orangeHRproject.testScripts.Testscripts_loginScreen@42dafa95]" name="Testscripts_loginDetails" duration-ms="9465" started-at="2019-09-13T10:03:34Z" finished-at="2019-09-13T10:03:43Z">
          <reporter-output>
          </reporter-output>
        </test-method> <!-- Testscripts_loginDetails -->
        <test-method status="PASS" signature="Testscripts_closeBrowser()[pri:0, instance:com.orangeHRproject.testScripts.Testscripts_loginScreen@42dafa95]" name="Testscripts_closeBrowser" is-config="true" duration-ms="1234" started-at="2019-09-13T10:03:47Z" finished-at="2019-09-13T10:03:49Z">
          <reporter-output>
          </reporter-output>
        </test-method> <!-- Testscripts_closeBrowser -->
      </class> <!-- com.orangeHRproject.testScripts.Testscripts_loginScreen -->
    </test> <!-- Test -->
  </suite> <!-- Suite -->
</testng-results>
